<?xml version="1.0" encoding="UTF-8"?>
<testng-results skipped="0" failed="0" total="1" passed="1">
  <reporter-output>
  </reporter-output>
  <suite name="Default suite" duration-ms="102321" started-at="2022-04-21T07:34:11Z" finished-at="2022-04-21T07:35:54Z">
    <groups>
    </groups>
    <test name="Default test" duration-ms="102321" started-at="2022-04-21T07:34:11Z" finished-at="2022-04-21T07:35:54Z">
      <class name="flip.testclass">
        <test-method status="PASS" signature="launchDriver()[pri:0, instance:flip.testclass@7f77e91b]" name="launchDriver" is-config="true" duration-ms="14642" started-at="2022-04-21T13:04:11Z" finished-at="2022-04-21T13:04:26Z">
          <reporter-output>
          </reporter-output>
        </test-method> <!-- launchDriver -->
        <test-method status="PASS" signature="getUrl()[pri:0, instance:flip.testclass@7f77e91b]" name="getUrl" is-config="true" duration-ms="9372" started-at="2022-04-21T13:04:26Z" finished-at="2022-04-21T13:04:35Z">
          <reporter-output>
          </reporter-output>
        </test-method> <!-- getUrl -->
        <test-method status="PASS" signature="countofElement()[pri:0, instance:flip.testclass@7f77e91b]" name="countofElement" duration-ms="78216" started-at="2022-04-21T13:04:35Z" finished-at="2022-04-21T13:05:53Z">
          <reporter-output>
          </reporter-output>
        </test-method> <!-- countofElement -->
      </class> <!-- flip.testclass -->
    </test> <!-- Default test -->
  </suite> <!-- Default suite -->
</testng-results>
